             __________________________
            /++++++++++++++++++++++++++\
           /++++++++++++++++++++++++++++\
          /++++++++++++++++++++++++++++++\
         /++++++++++++++++++++++++++++++++\
        /++++++++++++++++++++++++++++++++++\
       /++++++++++++/----------\++++++++++++\
      /++++++++++++/            \++++++++++++\
     /++++++++++++/              \++++++++++++\
    /++++++++++++/                \++++++++++++\
   /++++++++++++/                  \++++++++++++\
   \++++++++++++\                  /++++++++++++/
    \++++++++++++\                /++++++++++++/
     \++++++++++++\              /++++++++++++/
      \++++++++++++\            /++++++++++++/
       \++++++++++++\          /++++++++++++/
        \++++++++++++\
         \++++++++++++\
          \++++++++++++\
           \++++++++++++\
            \------------\
Pure Storage FlashArray VMware VVols Readiness Checker v3.0 (OCTOBER-2024)
----------------------------------------------------------------------------------------------------
