             __________________________
            /++++++++++++++++++++++++++\
           /++++++++++++++++++++++++++++\
          /++++++++++++++++++++++++++++++\
         /++++++++++++++++++++++++++++++++\
        /++++++++++++++++++++++++++++++++++\
       /++++++++++++/----------\++++++++++++\
      /++++++++++++/            \++++++++++++\
     /++++++++++++/              \++++++++++++\
    /++++++++++++/                \++++++++++++\
   /++++++++++++/                  \++++++++++++\
   \++++++++++++\                  /++++++++++++/
    \++++++++++++\                /++++++++++++/
     \++++++++++++\              /++++++++++++/
      \++++++++++++\            /++++++++++++/
       \++++++++++++\          /++++++++++++/
        \++++++++++++\
         \++++++++++++\
          \++++++++++++\
           \++++++++++++\
            \------------\
 
          Pure Storage FlashArray and VMware VVols Readiness Checker v3.0 (OCTOBER-2024)
----------------------------------------------------------------------------------------------------
 
Connected to vCenter: vc02.fsa.lab
----------------------------------------------------------------------------------------------------
Selected cluster is cluster-prod

Working on the following vCenter: vc02.fsa.lab, version 8.0.3
-----------------------------------------------------------------------------------------------
Checking vCenter Version
-------------------------------------------------------
Installed vCenter version, 8.0.3 supports VVols.
-----------------------------------------------------------------------------------------------
vCSA NTP 
-------------------------------------------------------
NTP server set to ntp1.puretec.purestorage.com and is REACHABLE from vCenter

Iterating through all ESXi hosts in the cluster ...

Name                 ConnectionState PowerState NumCpu CpuUsageMhz CpuTotalMhz   MemoryUsageGB   MemoryTotalGB Version
----                 --------------- ---------- ------ ----------- -----------   -------------   ------------- -------
sn1-r720-f06-09.pur… Connected       PoweredOn      24        1255       64776          24.900         511.956   7.0.3
sn1-r720-f06-13.pur… Connected       PoweredOn      24         738       64776          51.676         511.956   7.0.3



***********************************************************************************************
**********************************NEXT ESXi HOST***********************************************
-----------------------------------------------------------------------------------------------
Working on the following ESXi host: sn1-r720-f06-09.puretec.purestorage.com, version 7.0.3
-----------------------------------------------------------------------------------------------
Checking ESXi Version
-------------------------------------------------------
Installed ESXi version, 7.0.3 supports VVols.

-------------------------------------------------------
Checking NTP settings
-------------------------------------------------------
NTP server set to ntp1.puretec.purestorage.com
NTP server is valid and accessible.
NTP daemon is enabled.
NTP daemon is running.

***********************************************************************************************
**********************************NEXT ESXi HOST***********************************************
-----------------------------------------------------------------------------------------------
Working on the following ESXi host: sn1-r720-f06-13.puretec.purestorage.com, version 7.0.3
-----------------------------------------------------------------------------------------------
Checking ESXi Version
-------------------------------------------------------
Installed ESXi version, 7.0.3 supports VVols.

-------------------------------------------------------
Checking NTP settings
-------------------------------------------------------
NTP server set to ntp1.puretec.purestorage.com
NTP server is valid and accessible.
NTP daemon is enabled.
NTP daemon is running.

***********************************************************************************************
*****************************     FLASHARRAY     **********************************************
-----------------------------------------------------------------------------------------------
Working on the following FlashArray: sn1-x90r2-f05-33, Purity version 6.5.5
-----------------------------------------------------------------------------------------------

-------------------------------------------------------
             Checking NTP Setting
-------------------------------------------------------
FlashArray has the following NTP server(s) configured: 10.21.93.14 pool.ntp.org
NTP server(s) are valid and accessible.

-------------------------------------------------------
Checking Purity Version
-------------------------------------------------------
Purity version supports VVols.

-------------------------------------------------------
Checking FlashArray Reachability on TCP port 8084
-------------------------------------------------------
FlashArray management port ct0.eth0 is reachable on TCP port 8084.
FlashArray management port ct1.eth0 is reachable on TCP port 8084.

-------------------------------------------------------
    Checking for Pure Storage Hosts and Host Groups
-------------------------------------------------------
FlashArray has 11 Pure Host Groups set.
FlashArray has 43 Pure Host Objects set.

Disconnected from FlashArray:  sn1-x90r2-f05-33

Disconnected from vCenter:  vc02.fsa.lab
